<?xml version="1.0" encoding="UTF-8"?>
<testng-results skipped="0" failed="1" ignored="0" total="1" passed="0">
  <reporter-output>
    <line>
      <![CDATA[INFO: scripts.Search:19: Successfully opened Chrome]]>
    </line>
    <line>
      <![CDATA[INFO: scripts.Search:20: Successfully filled By.cssSelector: input[title = 'Search'] by Another Jhol]]>
    </line>
    <line>
      <![CDATA[INFO: scripts.Search:22: Successfully clicked on By.cssSelector: div.FPdoLc>center>input[value = 'Google Search']]]>
    </line>
    <line>
      <![CDATA[PASS: scripts.Search:28: Successfully Searched]]>
    </line>
    <line>
      <![CDATA[INFO: scripts.Search:44: Successfully clicked on By.cssSelector: div.r>a]]>
    </line>
    <line>
      <![CDATA[INFO: scripts.Search:46: Unable to navigate to Another Jhol<br><pre>java.lang.AssertionError
at managers.DriverUtil.assertTitle(DriverUtil.java:90)
at scripts.Search.clickFirstResult(Search.java:46)
at scripts.transaction.Transactions.Google(Transactions.java:45)
at sun.reflect.NativeMethodAccessorImpl.invoke0(Native Method)
at sun.reflect.NativeMethodAccessorImpl.invoke(NativeMethodAccessorImpl.java:62)
at sun.reflect.DelegatingMethodAccessorImpl.invoke(DelegatingMethodAccessorImpl.java:43)
at java.lang.reflect.Method.invoke(Method.java:498)
at runners.TestNG.test(TestNG.java:60)
at sun.reflect.NativeMethodAccessorImpl.invoke0(Native Method)
at sun.reflect.NativeMethodAccessorImpl.invoke(NativeMethodAccessorImpl.java:62)
at sun.reflect.DelegatingMethodAccessorImpl.invoke(DelegatingMethodAccessorImpl.java:43)
at java.lang.reflect.Method.invoke(Method.java:498)
at org.testng.internal.MethodInvocationHelper.invokeMethod(MethodInvocationHelper.java:124)
at org.testng.internal.Invoker.invokeMethod(Invoker.java:583)
at org.testng.internal.Invoker.invokeTestMethod(Invoker.java:719)
at org.testng.internal.Invoker.invokeTestMethods(Invoker.java:989)
at org.testng.internal.TestMethodWorker.invokeTestMethods(TestMethodWorker.java:125)
at org.testng.internal.TestMethodWorker.run(TestMethodWorker.java:109)
at org.testng.TestRunner.privateRun(TestRunner.java:648)
at org.testng.TestRunner.run(TestRunner.java:505)
at org.testng.SuiteRunner.runTest(SuiteRunner.java:455)
at org.testng.SuiteRunner.runSequentially(SuiteRunner.java:450)
at org.testng.SuiteRunner.privateRun(SuiteRunner.java:415)
at org.testng.SuiteRunner.run(SuiteRunner.java:364)
at org.testng.SuiteRunnerWorker.runSuite(SuiteRunnerWorker.java:52)
at org.testng.SuiteRunnerWorker.run(SuiteRunnerWorker.java:84)
at org.testng.TestNG.runSuitesSequentially(TestNG.java:1208)
at org.testng.TestNG.runSuitesLocally(TestNG.java:1137)
at org.testng.TestNG.runSuites(TestNG.java:1049)
at org.testng.TestNG.run(TestNG.java:1017)
at org.testng.remote.AbstractRemoteTestNG.run(AbstractRemoteTestNG.java:115)
at org.testng.remote.RemoteTestNG.initAndRun(RemoteTestNG.java:251)
at org.testng.remote.RemoteTestNG.main(RemoteTestNG.java:77)
</pre></br>]]>
    </line>
    <line>
      <![CDATA[<a href='../src/test/resources/Results/Screenshot/2019-06-28 00-50-55.202/3/1.png'> <img src='../src/test/resources/Results/Screenshot/2019-06-28 00-50-55.202/3/1.png' height='100' width='100'/> </a>]]>
    </line>
    <line>
      <![CDATA[FAIL: scripts.Search:50: Unable to open first search result]]>
    </line>
  </reporter-output>
  <suite name="Default suite" duration-ms="44677" started-at="2019-06-27T19:20:55Z" finished-at="2019-06-27T19:21:40Z">
    <groups>
    </groups>
    <test name="Default test" duration-ms="44677" started-at="2019-06-27T19:20:55Z" finished-at="2019-06-27T19:21:40Z">
      <class name="runners.TestNG">
        <test-method status="FAIL" signature="test(java.util.HashMap)[pri:0, instance:runners.TestNG@63a65a25]" name="test" duration-ms="43548" started-at="2019-06-27T19:20:56Z" data-provider="dp" finished-at="2019-06-27T19:21:40Z">
          <params>
            <param index="0">
              <value>
                <![CDATA[{Execute=Yes, browser=Chrome, TestCaseID=3, Search Keyword=Another Jhol, index=4, Save Search Result=Yes, sheet=Google, TestCaseDescription=Google}]]>
              </value>
            </param>
          </params>
          <exception class="java.lang.AssertionError">
            <message>
              <![CDATA[expected [true] but found [false]]]>
            </message>
            <full-stacktrace>
              <![CDATA[java.lang.AssertionError: expected [true] but found [false]
at org.testng.Assert.fail(Assert.java:96)
at org.testng.Assert.failNotEquals(Assert.java:776)
at org.testng.Assert.assertTrue(Assert.java:44)
at org.testng.Assert.assertTrue(Assert.java:54)
at runners.TestNG.test(TestNG.java:62)
at sun.reflect.NativeMethodAccessorImpl.invoke0(Native Method)
at sun.reflect.NativeMethodAccessorImpl.invoke(NativeMethodAccessorImpl.java:62)
at sun.reflect.DelegatingMethodAccessorImpl.invoke(DelegatingMethodAccessorImpl.java:43)
at java.lang.reflect.Method.invoke(Method.java:498)
at org.testng.internal.MethodInvocationHelper.invokeMethod(MethodInvocationHelper.java:124)
at org.testng.internal.Invoker.invokeMethod(Invoker.java:583)
at org.testng.internal.Invoker.invokeTestMethod(Invoker.java:719)
at org.testng.internal.Invoker.invokeTestMethods(Invoker.java:989)
at org.testng.internal.TestMethodWorker.invokeTestMethods(TestMethodWorker.java:125)
at org.testng.internal.TestMethodWorker.run(TestMethodWorker.java:109)
at org.testng.TestRunner.privateRun(TestRunner.java:648)
at org.testng.TestRunner.run(TestRunner.java:505)
at org.testng.SuiteRunner.runTest(SuiteRunner.java:455)
at org.testng.SuiteRunner.runSequentially(SuiteRunner.java:450)
at org.testng.SuiteRunner.privateRun(SuiteRunner.java:415)
at org.testng.SuiteRunner.run(SuiteRunner.java:364)
at org.testng.SuiteRunnerWorker.runSuite(SuiteRunnerWorker.java:52)
at org.testng.SuiteRunnerWorker.run(SuiteRunnerWorker.java:84)
at org.testng.TestNG.runSuitesSequentially(TestNG.java:1208)
at org.testng.TestNG.runSuitesLocally(TestNG.java:1137)
at org.testng.TestNG.runSuites(TestNG.java:1049)
at org.testng.TestNG.run(TestNG.java:1017)
at org.testng.remote.AbstractRemoteTestNG.run(AbstractRemoteTestNG.java:115)
at org.testng.remote.RemoteTestNG.initAndRun(RemoteTestNG.java:251)
at org.testng.remote.RemoteTestNG.main(RemoteTestNG.java:77)
]]>
            </full-stacktrace>
          </exception> <!-- java.lang.AssertionError -->
          <reporter-output>
            <line>
              <![CDATA[INFO: scripts.Search:19: Successfully opened Chrome]]>
            </line>
            <line>
              <![CDATA[INFO: scripts.Search:20: Successfully filled By.cssSelector: input[title = 'Search'] by Another Jhol]]>
            </line>
            <line>
              <![CDATA[INFO: scripts.Search:22: Successfully clicked on By.cssSelector: div.FPdoLc>center>input[value = 'Google Search']]]>
            </line>
            <line>
              <![CDATA[PASS: scripts.Search:28: Successfully Searched]]>
            </line>
            <line>
              <![CDATA[INFO: scripts.Search:44: Successfully clicked on By.cssSelector: div.r>a]]>
            </line>
            <line>
              <![CDATA[INFO: scripts.Search:46: Unable to navigate to Another Jhol<br><pre>java.lang.AssertionError
at managers.DriverUtil.assertTitle(DriverUtil.java:90)
at scripts.Search.clickFirstResult(Search.java:46)
at scripts.transaction.Transactions.Google(Transactions.java:45)
at sun.reflect.NativeMethodAccessorImpl.invoke0(Native Method)
at sun.reflect.NativeMethodAccessorImpl.invoke(NativeMethodAccessorImpl.java:62)
at sun.reflect.DelegatingMethodAccessorImpl.invoke(DelegatingMethodAccessorImpl.java:43)
at java.lang.reflect.Method.invoke(Method.java:498)
at runners.TestNG.test(TestNG.java:60)
at sun.reflect.NativeMethodAccessorImpl.invoke0(Native Method)
at sun.reflect.NativeMethodAccessorImpl.invoke(NativeMethodAccessorImpl.java:62)
at sun.reflect.DelegatingMethodAccessorImpl.invoke(DelegatingMethodAccessorImpl.java:43)
at java.lang.reflect.Method.invoke(Method.java:498)
at org.testng.internal.MethodInvocationHelper.invokeMethod(MethodInvocationHelper.java:124)
at org.testng.internal.Invoker.invokeMethod(Invoker.java:583)
at org.testng.internal.Invoker.invokeTestMethod(Invoker.java:719)
at org.testng.internal.Invoker.invokeTestMethods(Invoker.java:989)
at org.testng.internal.TestMethodWorker.invokeTestMethods(TestMethodWorker.java:125)
at org.testng.internal.TestMethodWorker.run(TestMethodWorker.java:109)
at org.testng.TestRunner.privateRun(TestRunner.java:648)
at org.testng.TestRunner.run(TestRunner.java:505)
at org.testng.SuiteRunner.runTest(SuiteRunner.java:455)
at org.testng.SuiteRunner.runSequentially(SuiteRunner.java:450)
at org.testng.SuiteRunner.privateRun(SuiteRunner.java:415)
at org.testng.SuiteRunner.run(SuiteRunner.java:364)
at org.testng.SuiteRunnerWorker.runSuite(SuiteRunnerWorker.java:52)
at org.testng.SuiteRunnerWorker.run(SuiteRunnerWorker.java:84)
at org.testng.TestNG.runSuitesSequentially(TestNG.java:1208)
at org.testng.TestNG.runSuitesLocally(TestNG.java:1137)
at org.testng.TestNG.runSuites(TestNG.java:1049)
at org.testng.TestNG.run(TestNG.java:1017)
at org.testng.remote.AbstractRemoteTestNG.run(AbstractRemoteTestNG.java:115)
at org.testng.remote.RemoteTestNG.initAndRun(RemoteTestNG.java:251)
at org.testng.remote.RemoteTestNG.main(RemoteTestNG.java:77)
</pre></br>]]>
            </line>
            <line>
              <![CDATA[<a href='../src/test/resources/Results/Screenshot/2019-06-28 00-50-55.202/3/1.png'> <img src='../src/test/resources/Results/Screenshot/2019-06-28 00-50-55.202/3/1.png' height='100' width='100'/> </a>]]>
            </line>
            <line>
              <![CDATA[FAIL: scripts.Search:50: Unable to open first search result]]>
            </line>
          </reporter-output>
        </test-method> <!-- test -->
        <test-method status="PASS" signature="afterSuit()[pri:0, instance:runners.TestNG@63a65a25]" name="afterSuit" is-config="true" duration-ms="8" started-at="2019-06-27T19:21:40Z" finished-at="2019-06-27T19:21:40Z">
          <reporter-output>
          </reporter-output>
        </test-method> <!-- afterSuit -->
      </class> <!-- runners.TestNG -->
    </test> <!-- Default test -->
  </suite> <!-- Default suite -->
</testng-results>
